15 груд. 2024 22:50:12 [Server thread]: Database: [Load] flatfile [Save] flatfile
15 груд. 2024 22:50:12 [Server thread]: Database: Loaded in 73ms.
15 груд. 2024 22:50:12 [Server thread]: The 'nationCapitalBonusOutpostLimit' option in the nation levels at numResidents = 0 does not have a value, falling back to '0'.
15 груд. 2024 22:50:12 [Server thread]: The 'nationCapitalBonusOutpostLimit' option in the nation levels at numResidents = 10 does not have a value, falling back to '0'.
15 груд. 2024 22:50:12 [Server thread]: The 'nationCapitalBonusOutpostLimit' option in the nation levels at numResidents = 20 does not have a value, falling back to '0'.
15 груд. 2024 22:50:12 [Server thread]: The 'nationCapitalBonusOutpostLimit' option in the nation levels at numResidents = 30 does not have a value, falling back to '0'.
15 груд. 2024 22:50:12 [Server thread]: The 'nationCapitalBonusOutpostLimit' option in the nation levels at numResidents = 40 does not have a value, falling back to '0'.
15 груд. 2024 22:50:12 [Server thread]: The 'nationCapitalBonusOutpostLimit' option in the nation levels at numResidents = 60 does not have a value, falling back to '0'.
15 груд. 2024 22:50:12 [ForkJoinPool.commonPool-worker-1]: Cleaning up old backups...
15 груд. 2024 22:50:12 [ForkJoinPool.commonPool-worker-1]: Successfully cleaned backups.
15 груд. 2024 22:50:12 [ForkJoinPool.commonPool-worker-1]: Making backup...
15 груд. 2024 22:50:12 [Folia Async Scheduler Thread #0]: Time until a New Day: 13 hours, 9 minutes, 48 seconds
15 груд. 2024 22:50:12 [Folia Async Scheduler Thread #1]: Checking for updates...
15 груд. 2024 22:50:12 [Server thread]: Searching for third-party plugins...
15 груд. 2024 22:50:12 [Server thread]: Plugins found: 
15 груд. 2024 22:50:12 [Server thread]:   Permissions: TownyPerms, BukkitPermissions
15 груд. 2024 22:50:12 [Server thread]:   Add-ons: TownyChat v0.116
15 груд. 2024 22:50:12 [Server thread]:   Warning: No compatible Economy plugins found. Install
                           Vault.jar or Reserve.jar with any of the supported eco
                           systems. If you do not want an economy to be used, set
                           using_economy: false in your Towny config.yml.
15 груд. 2024 22:50:12 [Server thread]: Version: 0.100.4.0 - Plugin Enabled
15 груд. 2024 22:50:12 [ForkJoinPool.commonPool-worker-1]: Error: Could not create backup.
java.io.IOException: Request to write '2406' bytes exceeds size in header of '2325' bytes for entry 'logs/towny.log'
	at Towny.jar/com.palmergames.compress.archivers.tar.TarArchiveOutputStream.write(TarArchiveOutputStream.java:666) ~[?:?]
	at org.apache.commons.io.IOUtils.copyLarge(IOUtils.java:1486) ~[commons-io-2.17.0.jar:2.17.0]
	at org.apache.commons.io.IOUtils.copy(IOUtils.java:1110) ~[commons-io-2.17.0.jar:2.17.0]
	at org.apache.commons.io.IOUtils.copyLarge(IOUtils.java:1458) ~[commons-io-2.17.0.jar:2.17.0]
	at org.apache.commons.io.IOUtils.copy(IOUtils.java:1088) ~[commons-io-2.17.0.jar:2.17.0]
	at Towny.jar/com.palmergames.util.FileMgmt.tar(FileMgmt.java:233) ~[Towny.jar:?]
	at Towny.jar/com.palmergames.bukkit.towny.db.TownyDatabaseHandler.backup(TownyDatabaseHandler.java:174) ~[Towny.jar:?]
	at Towny.jar/com.palmergames.bukkit.towny.tasks.BackupTask.run(BackupTask.java:17) [Towny.jar:?]
	at java.base/java.util.concurrent.CompletableFuture$UniRun.tryFire(CompletableFuture.java:787) [?:?]
	at java.base/java.util.concurrent.CompletableFuture$Completion.exec(CompletableFuture.java:483) [?:?]
	at java.base/java.util.concurrent.ForkJoinTask.doExec(ForkJoinTask.java:507) [?:?]
	at java.base/java.util.concurrent.ForkJoinPool$WorkQueue.topLevelExec(ForkJoinPool.java:1489) [?:?]
	at java.base/java.util.concurrent.ForkJoinPool.scan(ForkJoinPool.java:2071) [?:?]
	at java.base/java.util.concurrent.ForkJoinPool.runWorker(ForkJoinPool.java:2033) [?:?]
	at java.base/java.util.concurrent.ForkJoinWorkerThread.run(ForkJoinWorkerThread.java:187) [?:?]
	Suppressed: java.io.IOException: This archive contains unclosed entries.
		at Towny.jar/com.palmergames.compress.archivers.tar.TarArchiveOutputStream.finish(TarArchiveOutputStream.java:419) ~[Towny.jar:?]
		at Towny.jar/com.palmergames.compress.archivers.tar.TarArchiveOutputStream.close(TarArchiveOutputStream.java:303) ~[Towny.jar:?]
		at Towny.jar/com.palmergames.util.FileMgmt.tar(FileMgmt.java:220) ~[Towny.jar:?]
		at Towny.jar/com.palmergames.bukkit.towny.db.TownyDatabaseHandler.backup(TownyDatabaseHandler.java:174) ~[Towny.jar:?]
		at Towny.jar/com.palmergames.bukkit.towny.tasks.BackupTask.run(BackupTask.java:17) [Towny.jar:?]
		at java.base/java.util.concurrent.CompletableFuture$UniRun.tryFire(CompletableFuture.java:787) [?:?]
		at java.base/java.util.concurrent.CompletableFuture$Completion.exec(CompletableFuture.java:483) [?:?]
		at java.base/java.util.concurrent.ForkJoinTask.doExec(ForkJoinTask.java:507) [?:?]
		at java.base/java.util.concurrent.ForkJoinPool$WorkQueue.topLevelExec(ForkJoinPool.java:1489) [?:?]
		at java.base/java.util.concurrent.ForkJoinPool.scan(ForkJoinPool.java:2071) [?:?]
		at java.base/java.util.concurrent.ForkJoinPool.runWorker(ForkJoinPool.java:2033) [?:?]
		at java.base/java.util.concurrent.ForkJoinWorkerThread.run(ForkJoinWorkerThread.java:187) [?:?]
15 груд. 2024 22:50:12 [Server thread]: Error: The town nnr tried to load an invalid name, attempting to rename it to Town1.
15 груд. 2024 22:50:12 [Server thread]: Loading Error: Could not read town data 'nnr'.
15 груд. 2024 22:50:13 [Folia Async Scheduler Thread #1]: New update available: 0.101.0.3 | Current version: 0.100.4.0
15 груд. 2024 22:50:13 [Folia Async Scheduler Thread #1]: Download it here: https://github.com/TownyAdvanced/Towny/releases/tag/0.101.0.3
