[20:41:15] [ServerMain/INFO]: [bootstrap] Running Java 22 (OpenJDK 64-Bit Server VM 22.0.2+9-FR; Amazon.com Inc. Corretto-22.0.2.9.1) on Windows 11 10.0 (amd64)
[20:41:15] [ServerMain/INFO]: [bootstrap] Loading Paper 1.21.4-15-master@bb76819 (2024-12-15T09:48:21Z) for Minecraft 1.21.4
[20:41:16] [ServerMain/WARN]: [oshi.util.platform.windows.PerfDataUtil] Failed to add PDH Counter: \Paging File(_Total)\% Usage, Error code: 0xC0000BB8
[20:41:16] [ServerMain/WARN]: [oshi.util.platform.windows.PerfCounterQueryHandler] Failed to add counter for PDH counter: \Paging File(_Total)\% Usage
[20:41:16] [ServerMain/INFO]: [oshi.util.platform.windows.PerfCounterQuery] Disabling further attempts to query Paging File.
[20:41:16] [ServerMain/WARN]: [oshi.util.platform.windows.WmiQueryHandler] COM exception: Invalid Class Win32_PerfRawData_PerfOS_PagingFile
[20:41:16] [ServerMain/INFO]: [PluginInitializerManager] Initializing plugins...
[20:41:16] [Paper Plugin Remapper Thread - 2/INFO]: [PluginRemapper] Remapping plugin 'C:\Users\Ilya0\IdeaProjects\uaproject-towny-main\build\libs\TownyMayors-1.0-SNAPSHOT.jar'...
[20:41:16] [Paper Plugin Remapper Thread - 2/INFO]: [PluginRemapper] Done remapping plugin 'C:\Users\Ilya0\IdeaProjects\uaproject-towny-main\build\libs\TownyMayors-1.0-SNAPSHOT.jar' in 483ms.
[20:41:16] [ServerMain/INFO]: [PluginInitializerManager] Initialized 1 plugin
[20:41:16] [ServerMain/INFO]: [PluginInitializerManager] Bukkit plugins (1):
 - TownyMayors (1.0-SNAPSHOT)
[20:41:20] [ServerMain/INFO]: Environment: Environment[sessionHost=https://sessionserver.mojang.com, servicesHost=https://api.minecraftservices.com, name=PROD]
[20:41:21] [ServerMain/INFO]: Loaded 1370 recipes
[20:41:21] [ServerMain/INFO]: Loaded 1481 advancements
[20:41:21] [ServerMain/INFO]: [MCTypeRegistry] Initialising converters for DataConverter...
[20:41:21] [ServerMain/INFO]: [MCTypeRegistry] Finished initialising converters for DataConverter in 170,4ms
[20:41:21] [Server thread/INFO]: Starting minecraft server version 1.21.4
[20:41:21] [Server thread/INFO]: Loading properties
[20:41:21] [Server thread/INFO]: This server is running Paper version 1.21.4-15-master@bb76819 (2024-12-15T09:48:21Z) (Implementing API version 1.21.4-R0.1-SNAPSHOT)
[20:41:22] [Server thread/INFO]: [spark] This server bundles the spark profiler. For more information please visit https://docs.papermc.io/paper/profiling
[20:41:22] [Server thread/INFO]: Server Ping Player Sample Count: 12
[20:41:22] [Server thread/INFO]: Using 4 threads for Netty based IO
[20:41:23] [Server thread/INFO]: [MoonriseCommon] Paper is using 3 worker threads, 1 I/O threads
[20:41:23] [Server thread/INFO]: [ChunkTaskScheduler] Chunk system is using population gen parallelism: true
[20:41:23] [Server thread/INFO]: Default game type: SURVIVAL
[20:41:23] [Server thread/INFO]: Generating keypair
[20:41:23] [Server thread/INFO]: Starting Minecraft server on *:25565
[20:41:23] [Server thread/INFO]: Using default channel type
[20:41:23] [Server thread/INFO]: Paper: Using Java compression from Velocity.
[20:41:23] [Server thread/INFO]: Paper: Using Java cipher from Velocity.
[20:41:23] [Server thread/ERROR]: [ModernPluginLoadingStrategy] Could not load 'plugins\.paper-remapped\extra-plugins\TownyMayors-1.0-SNAPSHOT-1734464476346.jar' in 'plugins\.paper-remapped\extra-plugins'
org.bukkit.plugin.UnknownDependencyException: Unknown/missing dependency plugins: [Towny]. Please download and install these plugins to run 'TownyMayors'.
	at io.papermc.paper.plugin.entrypoint.strategy.modern.ModernPluginLoadingStrategy.loadProviders(ModernPluginLoadingStrategy.java:82) ~[paper-1.21.4.jar:1.21.4-15-bb76819]
	at io.papermc.paper.plugin.storage.SimpleProviderStorage.enter(SimpleProviderStorage.java:38) ~[paper-1.21.4.jar:1.21.4-15-bb76819]
	at io.papermc.paper.plugin.entrypoint.LaunchEntryPointHandler.enter(LaunchEntryPointHandler.java:40) ~[paper-1.21.4.jar:1.21.4-15-bb76819]
	at org.bukkit.craftbukkit.CraftServer.loadPlugins(CraftServer.java:561) ~[paper-1.21.4.jar:1.21.4-15-bb76819]
	at net.minecraft.server.dedicated.DedicatedServer.initServer(DedicatedServer.java:289) ~[paper-1.21.4.jar:1.21.4-15-bb76819]
	at net.minecraft.server.MinecraftServer.runServer(MinecraftServer.java:1236) ~[paper-1.21.4.jar:1.21.4-15-bb76819]
	at net.minecraft.server.MinecraftServer.lambda$spin$0(MinecraftServer.java:341) ~[paper-1.21.4.jar:1.21.4-15-bb76819]
	at java.base/java.lang.Thread.run(Thread.java:1570) ~[?:?]
[20:41:23] [Server thread/INFO]: Preparing level "world"
[20:41:23] [Server thread/INFO]: Preparing start region for dimension minecraft:overworld
[20:41:23] [Server thread/INFO]: Preparing spawn area: 0%
[20:41:24] [Server thread/INFO]: Preparing spawn area: 0%
[20:41:24] [Server thread/INFO]: Time elapsed: 597 ms
[20:41:24] [Server thread/INFO]: Preparing start region for dimension minecraft:the_nether
[20:41:24] [Server thread/INFO]: Preparing spawn area: 0%
[20:41:24] [Server thread/INFO]: Time elapsed: 119 ms
[20:41:24] [Server thread/INFO]: Preparing start region for dimension minecraft:the_end
[20:41:24] [Server thread/INFO]: Preparing spawn area: 0%
[20:41:24] [Server thread/INFO]: Time elapsed: 61 ms
[20:41:24] [Server thread/INFO]: [spark] Starting background profiler...
[20:41:24] [Server thread/INFO]: [spark] The async-profiler engine is not supported for your os/arch (windows11/amd64), so the built-in Java engine will be used instead.
[20:41:24] [Server thread/INFO]: Done preparing level "world" (1.328s)
[20:41:24] [Server thread/INFO]: Running delayed init tasks
[20:41:24] [Server thread/INFO]: Done (10.116s)! For help, type "help"
[20:41:24] [Server thread/INFO]: *************************************************************************************
[20:41:24] [Server thread/INFO]: This is the first time you're starting this server.
[20:41:24] [Server thread/INFO]: It's recommended you read our 'Getting Started' documentation for guidance.
[20:41:24] [Server thread/INFO]: View this and more helpful information here: https://docs.papermc.io/paper/next-steps
[20:41:24] [Server thread/INFO]: *************************************************************************************
